<?xml version="1.0" encoding="UTF-8"?>
<!-- Generated by org.testng.reporters.JUnitXMLReporter -->
<testsuite hostname="Murali" ignored="4" tests="5" failures="0" timestamp="19 Dec 2023 03:24:30 GMT" time="2.07" errors="0">
  <testcase name="runLoginAndLogout1" time="0.016" classname="SampleTest"/>
  <testcase name="testAddition" time="0.016" classname="SampleTest"/>
  <testcase name="runLoginAndLogout3" time="0.0" classname="SampleTest1"/>
  <testcase name="runLoginAndLogout3" time="0.0" classname="SampleTest"/>
  <testcase name="runLoginAndLogout" time="2.007" classname="SampleTest1"/>
  <testcase name="@BeforeSuite readPropertyFile" time="0.0" classname="BaseClass">
    <ignored/>
  </testcase> <!-- @BeforeSuite readPropertyFile -->
  <testcase name="runLoginAndLogout1" time="0.0" classname="SampleTest1">
    <ignored/>
  </testcase> <!-- runLoginAndLogout1 -->
  <testcase name="runLoginAndLogout" time="0.0" classname="SampleTest">
    <ignored/>
  </testcase> <!-- runLoginAndLogout -->
  <testcase name="@AfterTest testEnds" time="0.0" classname="BaseClass">
    <ignored/>
  </testcase> <!-- @AfterTest testEnds -->
</testsuite>
