<?xml version="1.0" encoding="UTF-8"?>
<!-- Generated by org.testng.reporters.JUnitXMLReporter -->
<testsuite hostname="Murali" ignored="4" tests="12" failures="0" timestamp="19 Dec 2023 15:51:54 GMT" time="69.954" errors="0">
  <testcase name="runLoginAndLogout1" time="0.0" classname="SampleTest1"/>
  <testcase name="testAddition" time="0.518" classname="SampleTest"/>
  <testcase name="runLoginAndLogout1" time="10.712" classname="SampleTest"/>
  <testcase name="runLoginAndLogout3" time="0.001" classname="SampleTest1"/>
  <testcase name="runLoginAndLogout3" time="6.677" classname="SampleTest"/>
  <testcase name="runLoginAndLogout" time="2.025" classname="SampleTest1"/>
  <testcase name="runLoginAndLogout" time="6.787" classname="SampleTest"/>
  <testcase name="runLoginAndLogout" time="7.046" classname="SampleTest"/>
  <testcase name="runLoginAndLogout" time="6.46" classname="SampleTest"/>
  <testcase name="runLoginAndLogout" time="6.461" classname="SampleTest"/>
  <testcase name="runLoginAndLogout" time="6.462" classname="SampleTest"/>
  <testcase name="runLoginAndLogout" time="6.464" classname="SampleTest"/>
  <testcase name="@AfterSuite tearDown" time="0.0" classname="BaseClass">
    <ignored/>
  </testcase> <!-- @AfterSuite tearDown -->
  <testcase name="@BeforeTest setupBrowser" time="0.0" classname="BaseClass">
    <ignored/>
  </testcase> <!-- @BeforeTest setupBrowser -->
  <testcase name="@BeforeSuite readPropertyFile" time="0.0" classname="BaseClass">
    <ignored/>
  </testcase> <!-- @BeforeSuite readPropertyFile -->
  <testcase name="@AfterTest testEnds" time="0.0" classname="BaseClass">
    <ignored/>
  </testcase> <!-- @AfterTest testEnds -->
</testsuite>
