<?xml version="1.0" encoding="UTF-8"?>
<testng-results skipped="0" failed="0" ignored="4" total="16" passed="12">
  <reporter-output>
    <line>
      <![CDATA[simply logginf report in A3]]>
    </line>
  </reporter-output>
  <suite name="Testing" duration-ms="69954" started-at="2023-12-19T15:50:44Z" finished-at="2023-12-19T15:51:54Z">
    <groups>
      <group name="smoke">
        <method signature="SampleTest.runLoginAndLogout(java.lang.reflect.Method, java.lang.String, java.lang.String)[pri:2, instance:SampleTest@1fd3711]" name="runLoginAndLogout" class="SampleTest"/>
        <method signature="SampleTest1.runLoginAndLogout1()[pri:0, instance:SampleTest1@d3bd8b]" name="runLoginAndLogout1" class="SampleTest1"/>
      </group> <!-- smoke -->
      <group name="sanity">
        <method signature="SampleTest.runLoginAndLogout1(java.lang.reflect.Method)[pri:0, instance:SampleTest@1fd3711]" name="runLoginAndLogout1" class="SampleTest"/>
        <method signature="SampleTest1.runLoginAndLogout3()[pri:1, instance:SampleTest1@d3bd8b]" name="runLoginAndLogout3" class="SampleTest1"/>
      </group> <!-- sanity -->
    </groups>
    <test name="Regression" duration-ms="69954" started-at="2023-12-19T15:50:44Z" finished-at="2023-12-19T15:51:54Z">
      <class name="SampleTest">
        <test-method status="PASS" signature="readPropertyFile()[pri:0, instance:SampleTest@1fd3711]" name="readPropertyFile" is-config="true" duration-ms="239" started-at="2023-12-19T15:50:44Z" finished-at="2023-12-19T15:50:44Z">
          <reporter-output>
          </reporter-output>
        </test-method> <!-- readPropertyFile -->
        <test-method status="PASS" signature="setupBrowser(java.lang.String)[pri:0, instance:SampleTest@1fd3711]" name="setupBrowser" is-config="true" duration-ms="9903" started-at="2023-12-19T15:50:44Z" finished-at="2023-12-19T15:50:54Z">
          <params>
            <param index="0">
              <value>
                <![CDATA[firefox]]>
              </value>
            </param>
          </params>
          <reporter-output>
          </reporter-output>
        </test-method> <!-- setupBrowser -->
        <test-method status="PASS" signature="runLoginAndLogout1(java.lang.reflect.Method)[pri:0, instance:SampleTest@1fd3711]" name="runLoginAndLogout1" duration-ms="10712" started-at="2023-12-19T15:50:54Z" finished-at="2023-12-19T15:51:05Z">
          <params>
            <param index="0">
              <value>
                <![CDATA[public void SampleTest.runLoginAndLogout1(java.lang.reflect.Method)]]>
              </value>
            </param>
          </params>
          <reporter-output>
          </reporter-output>
        </test-method> <!-- runLoginAndLogout1 -->
        <test-method status="PASS" signature="testAddition(java.lang.reflect.Method)[pri:0, instance:SampleTest@1fd3711]" name="testAddition" duration-ms="518" started-at="2023-12-19T15:50:54Z" finished-at="2023-12-19T15:50:54Z">
          <params>
            <param index="0">
              <value>
                <![CDATA[public void SampleTest.testAddition(java.lang.reflect.Method)]]>
              </value>
            </param>
          </params>
          <exception class="java.lang.ArithmeticException">
            <message>
              <![CDATA[/ by zero]]>
            </message>
            <full-stacktrace>
              <![CDATA[java.lang.ArithmeticException: / by zero
at SampleTest.testAddition(SampleTest.java:43)
at sun.reflect.NativeMethodAccessorImpl.invoke0(Native Method)
at sun.reflect.NativeMethodAccessorImpl.invoke(NativeMethodAccessorImpl.java:62)
at sun.reflect.DelegatingMethodAccessorImpl.invoke(DelegatingMethodAccessorImpl.java:43)
at java.lang.reflect.Method.invoke(Method.java:498)
at org.testng.internal.MethodInvocationHelper.invokeMethod(MethodInvocationHelper.java:124)
at org.testng.internal.Invoker.invokeMethod(Invoker.java:583)
at org.testng.internal.Invoker.invokeTestMethod(Invoker.java:719)
at org.testng.internal.Invoker.invokeTestMethods(Invoker.java:989)
at org.testng.internal.TestMethodWorker.invokeTestMethods(TestMethodWorker.java:125)
at org.testng.internal.TestMethodWorker.run(TestMethodWorker.java:109)
at java.util.concurrent.ThreadPoolExecutor.runWorker(ThreadPoolExecutor.java:1149)
at java.util.concurrent.ThreadPoolExecutor$Worker.run(ThreadPoolExecutor.java:624)
at java.lang.Thread.run(Thread.java:750)
]]>
            </full-stacktrace>
          </exception> <!-- java.lang.ArithmeticException -->
          <reporter-output>
          </reporter-output>
        </test-method> <!-- testAddition -->
        <test-method status="PASS" signature="runLoginAndLogout3(java.lang.reflect.Method)[pri:1, instance:SampleTest@1fd3711]" name="runLoginAndLogout3" duration-ms="6677" started-at="2023-12-19T15:51:05Z" finished-at="2023-12-19T15:51:11Z">
          <params>
            <param index="0">
              <value>
                <![CDATA[public void SampleTest.runLoginAndLogout3(java.lang.reflect.Method)]]>
              </value>
            </param>
          </params>
          <reporter-output>
            <line>
              <![CDATA[simply logginf report in A3]]>
            </line>
          </reporter-output>
        </test-method> <!-- runLoginAndLogout3 -->
        <test-method status="PASS" signature="runLoginAndLogout(java.lang.reflect.Method, java.lang.String, java.lang.String)[pri:2, instance:SampleTest@1fd3711]" name="runLoginAndLogout" duration-ms="6787" started-at="2023-12-19T15:51:13Z" data-provider="excel-data" finished-at="2023-12-19T15:51:20Z">
          <params>
            <param index="0">
              <value>
                <![CDATA[public void SampleTest.runLoginAndLogout(java.lang.reflect.Method,java.lang.String,java.lang.String)]]>
              </value>
            </param>
            <param index="1">
              <value>
                <![CDATA[murali@abc.com]]>
              </value>
            </param>
            <param index="2">
              <value>
                <![CDATA[Abcd@123]]>
              </value>
            </param>
          </params>
          <reporter-output>
          </reporter-output>
        </test-method> <!-- runLoginAndLogout -->
        <test-method status="PASS" signature="runLoginAndLogout(java.lang.reflect.Method, java.lang.String, java.lang.String)[pri:2, instance:SampleTest@1fd3711]" name="runLoginAndLogout" duration-ms="7046" started-at="2023-12-19T15:51:20Z" data-provider="excel-data" finished-at="2023-12-19T15:51:27Z">
          <params>
            <param index="0">
              <value>
                <![CDATA[public void SampleTest.runLoginAndLogout(java.lang.reflect.Method,java.lang.String,java.lang.String)]]>
              </value>
            </param>
            <param index="1">
              <value>
                <![CDATA[murali@abc.com]]>
              </value>
            </param>
            <param index="2">
              <value>
                <![CDATA[Abcd@123]]>
              </value>
            </param>
          </params>
          <reporter-output>
          </reporter-output>
        </test-method> <!-- runLoginAndLogout -->
        <test-method status="PASS" signature="runLoginAndLogout(java.lang.reflect.Method, java.lang.String, java.lang.String)[pri:2, instance:SampleTest@1fd3711]" name="runLoginAndLogout" duration-ms="6460" started-at="2023-12-19T15:51:28Z" data-provider="excel-data" finished-at="2023-12-19T15:51:34Z">
          <params>
            <param index="0">
              <value>
                <![CDATA[public void SampleTest.runLoginAndLogout(java.lang.reflect.Method,java.lang.String,java.lang.String)]]>
              </value>
            </param>
            <param index="1">
              <value>
                <![CDATA[murali@abc.com]]>
              </value>
            </param>
            <param index="2">
              <value>
                <![CDATA[Abcd@123]]>
              </value>
            </param>
          </params>
          <reporter-output>
          </reporter-output>
        </test-method> <!-- runLoginAndLogout -->
        <test-method status="PASS" signature="runLoginAndLogout(java.lang.reflect.Method, java.lang.String, java.lang.String)[pri:2, instance:SampleTest@1fd3711]" name="runLoginAndLogout" duration-ms="6461" started-at="2023-12-19T15:51:34Z" data-provider="excel-data" finished-at="2023-12-19T15:51:41Z">
          <params>
            <param index="0">
              <value>
                <![CDATA[public void SampleTest.runLoginAndLogout(java.lang.reflect.Method,java.lang.String,java.lang.String)]]>
              </value>
            </param>
            <param index="1">
              <value>
                <![CDATA[murali@abc.com]]>
              </value>
            </param>
            <param index="2">
              <value>
                <![CDATA[Abcd@123]]>
              </value>
            </param>
          </params>
          <reporter-output>
          </reporter-output>
        </test-method> <!-- runLoginAndLogout -->
        <test-method status="PASS" signature="runLoginAndLogout(java.lang.reflect.Method, java.lang.String, java.lang.String)[pri:2, instance:SampleTest@1fd3711]" name="runLoginAndLogout" duration-ms="6462" started-at="2023-12-19T15:51:41Z" data-provider="excel-data" finished-at="2023-12-19T15:51:47Z">
          <params>
            <param index="0">
              <value>
                <![CDATA[public void SampleTest.runLoginAndLogout(java.lang.reflect.Method,java.lang.String,java.lang.String)]]>
              </value>
            </param>
            <param index="1">
              <value>
                <![CDATA[murali@abc.com]]>
              </value>
            </param>
            <param index="2">
              <value>
                <![CDATA[Abcd@123]]>
              </value>
            </param>
          </params>
          <reporter-output>
          </reporter-output>
        </test-method> <!-- runLoginAndLogout -->
        <test-method status="PASS" signature="runLoginAndLogout(java.lang.reflect.Method, java.lang.String, java.lang.String)[pri:2, instance:SampleTest@1fd3711]" name="runLoginAndLogout" duration-ms="6464" started-at="2023-12-19T15:51:47Z" data-provider="excel-data" finished-at="2023-12-19T15:51:54Z">
          <params>
            <param index="0">
              <value>
                <![CDATA[public void SampleTest.runLoginAndLogout(java.lang.reflect.Method,java.lang.String,java.lang.String)]]>
              </value>
            </param>
            <param index="1">
              <value>
                <![CDATA[murali@abc.com]]>
              </value>
            </param>
            <param index="2">
              <value>
                <![CDATA[Abcd@123]]>
              </value>
            </param>
          </params>
          <reporter-output>
          </reporter-output>
        </test-method> <!-- runLoginAndLogout -->
        <test-method status="PASS" signature="testEnds()[pri:0, instance:SampleTest@1fd3711]" name="testEnds" is-config="true" duration-ms="1" started-at="2023-12-19T15:51:54Z" finished-at="2023-12-19T15:51:54Z">
          <reporter-output>
          </reporter-output>
        </test-method> <!-- testEnds -->
        <test-method status="PASS" signature="tearDown()[pri:0, instance:SampleTest@1fd3711]" name="tearDown" is-config="true" duration-ms="3165" started-at="2023-12-19T15:51:54Z" finished-at="2023-12-19T15:51:57Z">
          <reporter-output>
          </reporter-output>
        </test-method> <!-- tearDown -->
      </class> <!-- SampleTest -->
      <class name="SampleTest1">
        <test-method status="PASS" signature="runLoginAndLogout1()[pri:0, instance:SampleTest1@d3bd8b]" name="runLoginAndLogout1" duration-ms="0" started-at="2023-12-19T15:50:54Z" finished-at="2023-12-19T15:50:54Z">
          <reporter-output>
          </reporter-output>
        </test-method> <!-- runLoginAndLogout1 -->
        <test-method status="PASS" signature="runLoginAndLogout3()[pri:1, instance:SampleTest1@d3bd8b]" name="runLoginAndLogout3" duration-ms="1" started-at="2023-12-19T15:51:05Z" finished-at="2023-12-19T15:51:05Z">
          <reporter-output>
          </reporter-output>
        </test-method> <!-- runLoginAndLogout3 -->
        <test-method status="PASS" signature="runLoginAndLogout()[pri:2, instance:SampleTest1@d3bd8b]" name="runLoginAndLogout" duration-ms="2025" started-at="2023-12-19T15:51:12Z" finished-at="2023-12-19T15:51:14Z">
          <reporter-output>
          </reporter-output>
        </test-method> <!-- runLoginAndLogout -->
      </class> <!-- SampleTest1 -->
    </test> <!-- Regression -->
  </suite> <!-- Testing -->
</testng-results>
